  Game.cpp
C:\Users\matia\Desktop\College Year 2\Motion Graphics\Platformer\Project1\Project1\Game.h(27,32): warning C4244: 'argument': conversion from 'int' to 'T', possible loss of data
          with
          [
              T=float
          ]
C:\Users\matia\Desktop\College Year 2\Motion Graphics\Platformer\Project1\Project1\Game.h(93,96): warning C4244: 'argument': conversion from 'T' to 'int', possible loss of data
          with
          [
              T=float
          ]
C:\Users\matia\Desktop\College Year 2\Motion Graphics\Platformer\Project1\Project1\Game.h(93,58): warning C4244: 'argument': conversion from 'T' to 'int', possible loss of data
          with
          [
              T=float
          ]
C:\Users\matia\Desktop\College Year 2\Motion Graphics\Platformer\Project1\Project1\Game.h(125,48): warning C4244: 'argument': conversion from 'int' to 'float', possible loss of data
C:\Users\matia\Desktop\College Year 2\Motion Graphics\Platformer\Project1\Project1\Game.h(125,38): warning C4244: 'argument': conversion from 'int' to 'float', possible loss of data
C:\Users\matia\Desktop\College Year 2\Motion Graphics\Platformer\Project1\Project1\Game.h(132,48): warning C4244: 'argument': conversion from 'int' to 'float', possible loss of data
C:\Users\matia\Desktop\College Year 2\Motion Graphics\Platformer\Project1\Project1\Game.h(132,38): warning C4244: 'argument': conversion from 'int' to 'float', possible loss of data
C:\Users\matia\Desktop\College Year 2\Motion Graphics\Platformer\Project1\Project1\Game.h(138,48): warning C4244: 'argument': conversion from 'int' to 'float', possible loss of data
C:\Users\matia\Desktop\College Year 2\Motion Graphics\Platformer\Project1\Project1\Game.h(138,38): warning C4244: 'argument': conversion from 'int' to 'float', possible loss of data
C:\Users\matia\Desktop\College Year 2\Motion Graphics\Platformer\Project1\Project1\Game.h(146,48): warning C4244: 'argument': conversion from 'int' to 'float', possible loss of data
C:\Users\matia\Desktop\College Year 2\Motion Graphics\Platformer\Project1\Project1\Game.h(146,38): warning C4244: 'argument': conversion from 'int' to 'float', possible loss of data
C:\Users\matia\Desktop\College Year 2\Motion Graphics\Platformer\Project1\Project1\Game.h(154,48): warning C4244: 'argument': conversion from 'int' to 'float', possible loss of data
C:\Users\matia\Desktop\College Year 2\Motion Graphics\Platformer\Project1\Project1\Game.h(154,38): warning C4244: 'argument': conversion from 'int' to 'float', possible loss of data
C:\Users\matia\Desktop\College Year 2\Motion Graphics\Platformer\Project1\Project1\Game.h(200,1): warning C4305: 'argument': truncation from 'double' to 'float'
  Generating code
  1 of 89 functions ( 1.1%) were compiled, the rest were copied from previous compilation.
    0 functions were new in current compilation
    1 functions had inline decision re-evaluated but remain unchanged
  Finished generating code
  Project1.vcxproj -> C:\Users\matia\Desktop\College Year 2\Motion Graphics\Platformer\Project1\Release\Project1.exe
